2025-01-11 15:10:42,865 - httpx - INFO - HTTP Request: POST https://api.telegram.org/botYOUR_TELEGRAM_BOT_TOKEN/getMe "HTTP/1.1 404 Not Found"
2025-01-11 15:10:42,866 - __main__ - CRITICAL - Botni ishga tushirishda xatolik: The token `YOUR_TELEGRAM_BOT_TOKEN` was rejected by the server.
Traceback (most recent call last):
  File "C:\PythonProject\telegram_qr_code\.venv\Lib\site-packages\telegram\_bot.py", line 763, in initialize
    await self.get_me()
  File "C:\PythonProject\telegram_qr_code\.venv\Lib\site-packages\telegram\ext\_extbot.py", line 1957, in get_me
    return await super().get_me(
           ^^^^^^^^^^^^^^^^^^^^^
  File "C:\PythonProject\telegram_qr_code\.venv\Lib\site-packages\telegram\_bot.py", line 895, in get_me
    result = await self._post(
             ^^^^^^^^^^^^^^^^^
  File "C:\PythonProject\telegram_qr_code\.venv\Lib\site-packages\telegram\_bot.py", line 619, in _post
    return await self._do_post(
           ^^^^^^^^^^^^^^^^^^^^
  File "C:\PythonProject\telegram_qr_code\.venv\Lib\site-packages\telegram\ext\_extbot.py", line 354, in _do_post
    return await super()._do_post(
           ^^^^^^^^^^^^^^^^^^^^^^^
  File "C:\PythonProject\telegram_qr_code\.venv\Lib\site-packages\telegram\_bot.py", line 648, in _do_post
    result = await request.post(
             ^^^^^^^^^^^^^^^^^^^
  File "C:\PythonProject\telegram_qr_code\.venv\Lib\site-packages\telegram\request\_baserequest.py", line 202, in post
    result = await self._request_wrapper(
             ^^^^^^^^^^^^^^^^^^^^^^^^^^^^
  File "C:\PythonProject\telegram_qr_code\.venv\Lib\site-packages\telegram\request\_baserequest.py", line 381, in _request_wrapper
    raise InvalidToken(message)
telegram.error.InvalidToken: Not Found

The above exception was the direct cause of the following exception:

Traceback (most recent call last):
  File "C:\PythonProject\telegram_qr_code\qr_code_bot.py", line 104, in main
    application.run_polling()
  File "C:\PythonProject\telegram_qr_code\.venv\Lib\site-packages\telegram\ext\_application.py", line 868, in run_polling
    return self.__run(
           ^^^^^^^^^^^
  File "C:\PythonProject\telegram_qr_code\.venv\Lib\site-packages\telegram\ext\_application.py", line 1069, in __run
    loop.run_until_complete(self.initialize())
  File "C:\Users\baxti\AppData\Local\Programs\Python\Python312\Lib\asyncio\base_events.py", line 687, in run_until_complete
    return future.result()
           ^^^^^^^^^^^^^^^
  File "C:\PythonProject\telegram_qr_code\.venv\Lib\site-packages\telegram\ext\_application.py", line 487, in initialize
    await self.bot.initialize()
  File "C:\PythonProject\telegram_qr_code\.venv\Lib\site-packages\telegram\ext\_extbot.py", line 300, in initialize
    await super().initialize()
  File "C:\PythonProject\telegram_qr_code\.venv\Lib\site-packages\telegram\_bot.py", line 765, in initialize
    raise InvalidToken(f"The token `{self._token}` was rejected by the server.") from exc
telegram.error.InvalidToken: The token `YOUR_TELEGRAM_BOT_TOKEN` was rejected by the server.
2025-01-11 15:11:04,214 - httpx - INFO - HTTP Request: POST https://api.telegram.org/bot6153575906:AAFS5vUiWTXGoJCv4Rdo8a7fDnGPBVXnexA/getMe "HTTP/1.1 200 OK"
2025-01-11 15:11:04,318 - httpx - INFO - HTTP Request: POST https://api.telegram.org/bot6153575906:AAFS5vUiWTXGoJCv4Rdo8a7fDnGPBVXnexA/deleteWebhook "HTTP/1.1 200 OK"
2025-01-11 15:11:04,319 - telegram.ext.Application - INFO - Application started
2025-01-11 15:11:10,264 - httpx - INFO - HTTP Request: POST https://api.telegram.org/bot6153575906:AAFS5vUiWTXGoJCv4Rdo8a7fDnGPBVXnexA/getUpdates "HTTP/1.1 200 OK"
2025-01-11 15:11:10,600 - httpx - INFO - HTTP Request: POST https://api.telegram.org/bot6153575906:AAFS5vUiWTXGoJCv4Rdo8a7fDnGPBVXnexA/sendMessage "HTTP/1.1 200 OK"
2025-01-11 15:11:12,753 - httpx - INFO - HTTP Request: POST https://api.telegram.org/bot6153575906:AAFS5vUiWTXGoJCv4Rdo8a7fDnGPBVXnexA/getUpdates "HTTP/1.1 200 OK"
2025-01-11 15:11:13,060 - httpx - INFO - HTTP Request: POST https://api.telegram.org/bot6153575906:AAFS5vUiWTXGoJCv4Rdo8a7fDnGPBVXnexA/sendPhoto "HTTP/1.1 200 OK"
2025-01-11 15:11:13,213 - httpx - INFO - HTTP Request: POST https://api.telegram.org/bot6153575906:AAFS5vUiWTXGoJCv4Rdo8a7fDnGPBVXnexA/sendMessage "HTTP/1.1 200 OK"
2025-01-11 15:11:18,187 - httpx - INFO - HTTP Request: POST https://api.telegram.org/bot6153575906:AAFS5vUiWTXGoJCv4Rdo8a7fDnGPBVXnexA/getUpdates "HTTP/1.1 200 OK"
2025-01-11 15:11:18,418 - httpx - INFO - HTTP Request: POST https://api.telegram.org/bot6153575906:AAFS5vUiWTXGoJCv4Rdo8a7fDnGPBVXnexA/sendPhoto "HTTP/1.1 200 OK"
2025-01-11 15:11:18,563 - httpx - INFO - HTTP Request: POST https://api.telegram.org/bot6153575906:AAFS5vUiWTXGoJCv4Rdo8a7fDnGPBVXnexA/sendMessage "HTTP/1.1 200 OK"
2025-01-11 15:11:23,245 - httpx - INFO - HTTP Request: POST https://api.telegram.org/bot6153575906:AAFS5vUiWTXGoJCv4Rdo8a7fDnGPBVXnexA/getUpdates "HTTP/1.1 200 OK"
2025-01-11 15:11:23,589 - httpx - INFO - HTTP Request: POST https://api.telegram.org/bot6153575906:AAFS5vUiWTXGoJCv4Rdo8a7fDnGPBVXnexA/sendPhoto "HTTP/1.1 200 OK"
2025-01-11 15:11:23,813 - httpx - INFO - HTTP Request: POST https://api.telegram.org/bot6153575906:AAFS5vUiWTXGoJCv4Rdo8a7fDnGPBVXnexA/sendMessage "HTTP/1.1 200 OK"
2025-01-11 15:11:26,389 - httpx - INFO - HTTP Request: POST https://api.telegram.org/bot6153575906:AAFS5vUiWTXGoJCv4Rdo8a7fDnGPBVXnexA/getUpdates "HTTP/1.1 200 OK"
2025-01-11 15:11:26,696 - httpx - INFO - HTTP Request: POST https://api.telegram.org/bot6153575906:AAFS5vUiWTXGoJCv4Rdo8a7fDnGPBVXnexA/sendPhoto "HTTP/1.1 200 OK"
2025-01-11 15:11:26,913 - httpx - INFO - HTTP Request: POST https://api.telegram.org/bot6153575906:AAFS5vUiWTXGoJCv4Rdo8a7fDnGPBVXnexA/sendMessage "HTTP/1.1 200 OK"
2025-01-11 15:11:34,110 - httpx - INFO - HTTP Request: POST https://api.telegram.org/bot6153575906:AAFS5vUiWTXGoJCv4Rdo8a7fDnGPBVXnexA/getUpdates "HTTP/1.1 200 OK"
2025-01-11 15:11:34,525 - httpx - INFO - HTTP Request: POST https://api.telegram.org/bot6153575906:AAFS5vUiWTXGoJCv4Rdo8a7fDnGPBVXnexA/sendPhoto "HTTP/1.1 200 OK"
2025-01-11 15:11:34,723 - httpx - INFO - HTTP Request: POST https://api.telegram.org/bot6153575906:AAFS5vUiWTXGoJCv4Rdo8a7fDnGPBVXnexA/sendMessage "HTTP/1.1 200 OK"
2025-01-11 15:11:44,227 - httpx - INFO - HTTP Request: POST https://api.telegram.org/bot6153575906:AAFS5vUiWTXGoJCv4Rdo8a7fDnGPBVXnexA/getUpdates "HTTP/1.1 200 OK"
2025-01-11 15:11:54,343 - httpx - INFO - HTTP Request: POST https://api.telegram.org/bot6153575906:AAFS5vUiWTXGoJCv4Rdo8a7fDnGPBVXnexA/getUpdates "HTTP/1.1 200 OK"
2025-01-11 15:12:04,444 - httpx - INFO - HTTP Request: POST https://api.telegram.org/bot6153575906:AAFS5vUiWTXGoJCv4Rdo8a7fDnGPBVXnexA/getUpdates "HTTP/1.1 200 OK"
2025-01-11 15:12:14,548 - httpx - INFO - HTTP Request: POST https://api.telegram.org/bot6153575906:AAFS5vUiWTXGoJCv4Rdo8a7fDnGPBVXnexA/getUpdates "HTTP/1.1 200 OK"
2025-01-11 15:12:24,649 - httpx - INFO - HTTP Request: POST https://api.telegram.org/bot6153575906:AAFS5vUiWTXGoJCv4Rdo8a7fDnGPBVXnexA/getUpdates "HTTP/1.1 200 OK"
2025-01-11 15:12:34,751 - httpx - INFO - HTTP Request: POST https://api.telegram.org/bot6153575906:AAFS5vUiWTXGoJCv4Rdo8a7fDnGPBVXnexA/getUpdates "HTTP/1.1 200 OK"
2025-01-11 15:12:44,858 - httpx - INFO - HTTP Request: POST https://api.telegram.org/bot6153575906:AAFS5vUiWTXGoJCv4Rdo8a7fDnGPBVXnexA/getUpdates "HTTP/1.1 200 OK"
2025-01-11 15:12:54,957 - httpx - INFO - HTTP Request: POST https://api.telegram.org/bot6153575906:AAFS5vUiWTXGoJCv4Rdo8a7fDnGPBVXnexA/getUpdates "HTTP/1.1 200 OK"
2025-01-11 15:13:05,067 - httpx - INFO - HTTP Request: POST https://api.telegram.org/bot6153575906:AAFS5vUiWTXGoJCv4Rdo8a7fDnGPBVXnexA/getUpdates "HTTP/1.1 200 OK"
2025-01-11 15:13:15,177 - httpx - INFO - HTTP Request: POST https://api.telegram.org/bot6153575906:AAFS5vUiWTXGoJCv4Rdo8a7fDnGPBVXnexA/getUpdates "HTTP/1.1 200 OK"
2025-01-11 15:13:25,275 - httpx - INFO - HTTP Request: POST https://api.telegram.org/bot6153575906:AAFS5vUiWTXGoJCv4Rdo8a7fDnGPBVXnexA/getUpdates "HTTP/1.1 200 OK"
2025-01-11 15:13:35,378 - httpx - INFO - HTTP Request: POST https://api.telegram.org/bot6153575906:AAFS5vUiWTXGoJCv4Rdo8a7fDnGPBVXnexA/getUpdates "HTTP/1.1 200 OK"
2025-01-11 15:13:45,490 - httpx - INFO - HTTP Request: POST https://api.telegram.org/bot6153575906:AAFS5vUiWTXGoJCv4Rdo8a7fDnGPBVXnexA/getUpdates "HTTP/1.1 200 OK"
2025-01-11 15:13:55,591 - httpx - INFO - HTTP Request: POST https://api.telegram.org/bot6153575906:AAFS5vUiWTXGoJCv4Rdo8a7fDnGPBVXnexA/getUpdates "HTTP/1.1 200 OK"
2025-01-11 15:14:05,691 - httpx - INFO - HTTP Request: POST https://api.telegram.org/bot6153575906:AAFS5vUiWTXGoJCv4Rdo8a7fDnGPBVXnexA/getUpdates "HTTP/1.1 200 OK"
2025-01-11 15:14:15,800 - httpx - INFO - HTTP Request: POST https://api.telegram.org/bot6153575906:AAFS5vUiWTXGoJCv4Rdo8a7fDnGPBVXnexA/getUpdates "HTTP/1.1 200 OK"
2025-01-11 15:14:25,966 - httpx - INFO - HTTP Request: POST https://api.telegram.org/bot6153575906:AAFS5vUiWTXGoJCv4Rdo8a7fDnGPBVXnexA/getUpdates "HTTP/1.1 200 OK"
2025-01-11 15:14:36,097 - httpx - INFO - HTTP Request: POST https://api.telegram.org/bot6153575906:AAFS5vUiWTXGoJCv4Rdo8a7fDnGPBVXnexA/getUpdates "HTTP/1.1 200 OK"
2025-01-11 15:14:46,254 - httpx - INFO - HTTP Request: POST https://api.telegram.org/bot6153575906:AAFS5vUiWTXGoJCv4Rdo8a7fDnGPBVXnexA/getUpdates "HTTP/1.1 200 OK"
2025-01-11 15:14:56,378 - httpx - INFO - HTTP Request: POST https://api.telegram.org/bot6153575906:AAFS5vUiWTXGoJCv4Rdo8a7fDnGPBVXnexA/getUpdates "HTTP/1.1 200 OK"
2025-01-11 15:15:06,481 - httpx - INFO - HTTP Request: POST https://api.telegram.org/bot6153575906:AAFS5vUiWTXGoJCv4Rdo8a7fDnGPBVXnexA/getUpdates "HTTP/1.1 200 OK"
2025-01-11 15:15:16,589 - httpx - INFO - HTTP Request: POST https://api.telegram.org/bot6153575906:AAFS5vUiWTXGoJCv4Rdo8a7fDnGPBVXnexA/getUpdates "HTTP/1.1 200 OK"
2025-01-11 15:15:26,696 - httpx - INFO - HTTP Request: POST https://api.telegram.org/bot6153575906:AAFS5vUiWTXGoJCv4Rdo8a7fDnGPBVXnexA/getUpdates "HTTP/1.1 200 OK"
2025-01-11 15:15:36,797 - httpx - INFO - HTTP Request: POST https://api.telegram.org/bot6153575906:AAFS5vUiWTXGoJCv4Rdo8a7fDnGPBVXnexA/getUpdates "HTTP/1.1 200 OK"
2025-01-11 15:15:46,904 - httpx - INFO - HTTP Request: POST https://api.telegram.org/bot6153575906:AAFS5vUiWTXGoJCv4Rdo8a7fDnGPBVXnexA/getUpdates "HTTP/1.1 200 OK"
2025-01-11 15:15:57,043 - httpx - INFO - HTTP Request: POST https://api.telegram.org/bot6153575906:AAFS5vUiWTXGoJCv4Rdo8a7fDnGPBVXnexA/getUpdates "HTTP/1.1 200 OK"
2025-01-11 15:16:07,151 - httpx - INFO - HTTP Request: POST https://api.telegram.org/bot6153575906:AAFS5vUiWTXGoJCv4Rdo8a7fDnGPBVXnexA/getUpdates "HTTP/1.1 200 OK"
2025-01-11 15:16:17,251 - httpx - INFO - HTTP Request: POST https://api.telegram.org/bot6153575906:AAFS5vUiWTXGoJCv4Rdo8a7fDnGPBVXnexA/getUpdates "HTTP/1.1 200 OK"
2025-01-11 15:16:27,351 - httpx - INFO - HTTP Request: POST https://api.telegram.org/bot6153575906:AAFS5vUiWTXGoJCv4Rdo8a7fDnGPBVXnexA/getUpdates "HTTP/1.1 200 OK"
2025-01-11 15:16:37,450 - httpx - INFO - HTTP Request: POST https://api.telegram.org/bot6153575906:AAFS5vUiWTXGoJCv4Rdo8a7fDnGPBVXnexA/getUpdates "HTTP/1.1 200 OK"
2025-01-11 15:16:47,575 - httpx - INFO - HTTP Request: POST https://api.telegram.org/bot6153575906:AAFS5vUiWTXGoJCv4Rdo8a7fDnGPBVXnexA/getUpdates "HTTP/1.1 200 OK"
2025-01-11 15:16:57,678 - httpx - INFO - HTTP Request: POST https://api.telegram.org/bot6153575906:AAFS5vUiWTXGoJCv4Rdo8a7fDnGPBVXnexA/getUpdates "HTTP/1.1 200 OK"
2025-01-11 15:17:07,777 - httpx - INFO - HTTP Request: POST https://api.telegram.org/bot6153575906:AAFS5vUiWTXGoJCv4Rdo8a7fDnGPBVXnexA/getUpdates "HTTP/1.1 200 OK"
2025-01-11 15:17:17,878 - httpx - INFO - HTTP Request: POST https://api.telegram.org/bot6153575906:AAFS5vUiWTXGoJCv4Rdo8a7fDnGPBVXnexA/getUpdates "HTTP/1.1 200 OK"
2025-01-11 15:17:27,978 - httpx - INFO - HTTP Request: POST https://api.telegram.org/bot6153575906:AAFS5vUiWTXGoJCv4Rdo8a7fDnGPBVXnexA/getUpdates "HTTP/1.1 200 OK"
2025-01-11 15:17:38,082 - httpx - INFO - HTTP Request: POST https://api.telegram.org/bot6153575906:AAFS5vUiWTXGoJCv4Rdo8a7fDnGPBVXnexA/getUpdates "HTTP/1.1 200 OK"
2025-01-11 15:17:48,185 - httpx - INFO - HTTP Request: POST https://api.telegram.org/bot6153575906:AAFS5vUiWTXGoJCv4Rdo8a7fDnGPBVXnexA/getUpdates "HTTP/1.1 200 OK"
2025-01-11 15:17:58,287 - httpx - INFO - HTTP Request: POST https://api.telegram.org/bot6153575906:AAFS5vUiWTXGoJCv4Rdo8a7fDnGPBVXnexA/getUpdates "HTTP/1.1 200 OK"
2025-01-11 15:18:08,393 - httpx - INFO - HTTP Request: POST https://api.telegram.org/bot6153575906:AAFS5vUiWTXGoJCv4Rdo8a7fDnGPBVXnexA/getUpdates "HTTP/1.1 200 OK"
2025-01-11 15:18:18,493 - httpx - INFO - HTTP Request: POST https://api.telegram.org/bot6153575906:AAFS5vUiWTXGoJCv4Rdo8a7fDnGPBVXnexA/getUpdates "HTTP/1.1 200 OK"
2025-01-11 15:18:28,592 - httpx - INFO - HTTP Request: POST https://api.telegram.org/bot6153575906:AAFS5vUiWTXGoJCv4Rdo8a7fDnGPBVXnexA/getUpdates "HTTP/1.1 200 OK"
2025-01-11 15:18:38,754 - httpx - INFO - HTTP Request: POST https://api.telegram.org/bot6153575906:AAFS5vUiWTXGoJCv4Rdo8a7fDnGPBVXnexA/getUpdates "HTTP/1.1 200 OK"
2025-01-11 15:18:48,854 - httpx - INFO - HTTP Request: POST https://api.telegram.org/bot6153575906:AAFS5vUiWTXGoJCv4Rdo8a7fDnGPBVXnexA/getUpdates "HTTP/1.1 200 OK"
2025-01-11 15:18:59,078 - httpx - INFO - HTTP Request: POST https://api.telegram.org/bot6153575906:AAFS5vUiWTXGoJCv4Rdo8a7fDnGPBVXnexA/getUpdates "HTTP/1.1 200 OK"
2025-01-11 15:19:09,178 - httpx - INFO - HTTP Request: POST https://api.telegram.org/bot6153575906:AAFS5vUiWTXGoJCv4Rdo8a7fDnGPBVXnexA/getUpdates "HTTP/1.1 200 OK"
2025-01-11 15:19:19,297 - httpx - INFO - HTTP Request: POST https://api.telegram.org/bot6153575906:AAFS5vUiWTXGoJCv4Rdo8a7fDnGPBVXnexA/getUpdates "HTTP/1.1 200 OK"
2025-01-11 15:19:29,402 - httpx - INFO - HTTP Request: POST https://api.telegram.org/bot6153575906:AAFS5vUiWTXGoJCv4Rdo8a7fDnGPBVXnexA/getUpdates "HTTP/1.1 200 OK"
2025-01-11 15:19:39,675 - httpx - INFO - HTTP Request: POST https://api.telegram.org/bot6153575906:AAFS5vUiWTXGoJCv4Rdo8a7fDnGPBVXnexA/getUpdates "HTTP/1.1 200 OK"
2025-01-11 15:19:49,784 - httpx - INFO - HTTP Request: POST https://api.telegram.org/bot6153575906:AAFS5vUiWTXGoJCv4Rdo8a7fDnGPBVXnexA/getUpdates "HTTP/1.1 200 OK"
2025-01-11 15:19:59,888 - httpx - INFO - HTTP Request: POST https://api.telegram.org/bot6153575906:AAFS5vUiWTXGoJCv4Rdo8a7fDnGPBVXnexA/getUpdates "HTTP/1.1 200 OK"
2025-01-11 15:20:09,987 - httpx - INFO - HTTP Request: POST https://api.telegram.org/bot6153575906:AAFS5vUiWTXGoJCv4Rdo8a7fDnGPBVXnexA/getUpdates "HTTP/1.1 200 OK"
2025-01-11 15:20:20,089 - httpx - INFO - HTTP Request: POST https://api.telegram.org/bot6153575906:AAFS5vUiWTXGoJCv4Rdo8a7fDnGPBVXnexA/getUpdates "HTTP/1.1 200 OK"
2025-01-11 15:20:30,195 - httpx - INFO - HTTP Request: POST https://api.telegram.org/bot6153575906:AAFS5vUiWTXGoJCv4Rdo8a7fDnGPBVXnexA/getUpdates "HTTP/1.1 200 OK"
2025-01-11 15:20:40,297 - httpx - INFO - HTTP Request: POST https://api.telegram.org/bot6153575906:AAFS5vUiWTXGoJCv4Rdo8a7fDnGPBVXnexA/getUpdates "HTTP/1.1 200 OK"
2025-01-11 15:20:50,401 - httpx - INFO - HTTP Request: POST https://api.telegram.org/bot6153575906:AAFS5vUiWTXGoJCv4Rdo8a7fDnGPBVXnexA/getUpdates "HTTP/1.1 200 OK"
2025-01-11 15:21:00,504 - httpx - INFO - HTTP Request: POST https://api.telegram.org/bot6153575906:AAFS5vUiWTXGoJCv4Rdo8a7fDnGPBVXnexA/getUpdates "HTTP/1.1 200 OK"
2025-01-11 15:21:10,616 - httpx - INFO - HTTP Request: POST https://api.telegram.org/bot6153575906:AAFS5vUiWTXGoJCv4Rdo8a7fDnGPBVXnexA/getUpdates "HTTP/1.1 200 OK"
2025-01-11 15:21:20,717 - httpx - INFO - HTTP Request: POST https://api.telegram.org/bot6153575906:AAFS5vUiWTXGoJCv4Rdo8a7fDnGPBVXnexA/getUpdates "HTTP/1.1 200 OK"
2025-01-11 15:21:30,817 - httpx - INFO - HTTP Request: POST https://api.telegram.org/bot6153575906:AAFS5vUiWTXGoJCv4Rdo8a7fDnGPBVXnexA/getUpdates "HTTP/1.1 200 OK"
2025-01-11 15:21:40,926 - httpx - INFO - HTTP Request: POST https://api.telegram.org/bot6153575906:AAFS5vUiWTXGoJCv4Rdo8a7fDnGPBVXnexA/getUpdates "HTTP/1.1 200 OK"
2025-01-11 15:21:51,025 - httpx - INFO - HTTP Request: POST https://api.telegram.org/bot6153575906:AAFS5vUiWTXGoJCv4Rdo8a7fDnGPBVXnexA/getUpdates "HTTP/1.1 200 OK"
2025-01-11 15:22:01,124 - httpx - INFO - HTTP Request: POST https://api.telegram.org/bot6153575906:AAFS5vUiWTXGoJCv4Rdo8a7fDnGPBVXnexA/getUpdates "HTTP/1.1 200 OK"
2025-01-11 15:22:11,247 - httpx - INFO - HTTP Request: POST https://api.telegram.org/bot6153575906:AAFS5vUiWTXGoJCv4Rdo8a7fDnGPBVXnexA/getUpdates "HTTP/1.1 200 OK"
2025-01-11 15:22:21,348 - httpx - INFO - HTTP Request: POST https://api.telegram.org/bot6153575906:AAFS5vUiWTXGoJCv4Rdo8a7fDnGPBVXnexA/getUpdates "HTTP/1.1 200 OK"
2025-01-11 15:22:31,448 - httpx - INFO - HTTP Request: POST https://api.telegram.org/bot6153575906:AAFS5vUiWTXGoJCv4Rdo8a7fDnGPBVXnexA/getUpdates "HTTP/1.1 200 OK"
2025-01-11 15:22:41,558 - httpx - INFO - HTTP Request: POST https://api.telegram.org/bot6153575906:AAFS5vUiWTXGoJCv4Rdo8a7fDnGPBVXnexA/getUpdates "HTTP/1.1 200 OK"
2025-01-11 15:22:51,659 - httpx - INFO - HTTP Request: POST https://api.telegram.org/bot6153575906:AAFS5vUiWTXGoJCv4Rdo8a7fDnGPBVXnexA/getUpdates "HTTP/1.1 200 OK"
2025-01-11 15:23:01,764 - httpx - INFO - HTTP Request: POST https://api.telegram.org/bot6153575906:AAFS5vUiWTXGoJCv4Rdo8a7fDnGPBVXnexA/getUpdates "HTTP/1.1 200 OK"
2025-01-11 15:23:11,868 - httpx - INFO - HTTP Request: POST https://api.telegram.org/bot6153575906:AAFS5vUiWTXGoJCv4Rdo8a7fDnGPBVXnexA/getUpdates "HTTP/1.1 200 OK"
2025-01-11 15:23:21,982 - httpx - INFO - HTTP Request: POST https://api.telegram.org/bot6153575906:AAFS5vUiWTXGoJCv4Rdo8a7fDnGPBVXnexA/getUpdates "HTTP/1.1 200 OK"
2025-01-11 15:23:32,083 - httpx - INFO - HTTP Request: POST https://api.telegram.org/bot6153575906:AAFS5vUiWTXGoJCv4Rdo8a7fDnGPBVXnexA/getUpdates "HTTP/1.1 200 OK"
2025-01-11 15:23:42,363 - httpx - INFO - HTTP Request: POST https://api.telegram.org/bot6153575906:AAFS5vUiWTXGoJCv4Rdo8a7fDnGPBVXnexA/getUpdates "HTTP/1.1 200 OK"
2025-01-11 15:23:52,477 - httpx - INFO - HTTP Request: POST https://api.telegram.org/bot6153575906:AAFS5vUiWTXGoJCv4Rdo8a7fDnGPBVXnexA/getUpdates "HTTP/1.1 200 OK"
2025-01-11 15:24:02,581 - httpx - INFO - HTTP Request: POST https://api.telegram.org/bot6153575906:AAFS5vUiWTXGoJCv4Rdo8a7fDnGPBVXnexA/getUpdates "HTTP/1.1 200 OK"
2025-01-11 15:24:12,721 - httpx - INFO - HTTP Request: POST https://api.telegram.org/bot6153575906:AAFS5vUiWTXGoJCv4Rdo8a7fDnGPBVXnexA/getUpdates "HTTP/1.1 200 OK"
2025-01-11 15:24:22,861 - httpx - INFO - HTTP Request: POST https://api.telegram.org/bot6153575906:AAFS5vUiWTXGoJCv4Rdo8a7fDnGPBVXnexA/getUpdates "HTTP/1.1 200 OK"
2025-01-11 15:24:32,964 - httpx - INFO - HTTP Request: POST https://api.telegram.org/bot6153575906:AAFS5vUiWTXGoJCv4Rdo8a7fDnGPBVXnexA/getUpdates "HTTP/1.1 200 OK"
2025-01-11 15:24:43,096 - httpx - INFO - HTTP Request: POST https://api.telegram.org/bot6153575906:AAFS5vUiWTXGoJCv4Rdo8a7fDnGPBVXnexA/getUpdates "HTTP/1.1 200 OK"
2025-01-11 15:24:53,211 - httpx - INFO - HTTP Request: POST https://api.telegram.org/bot6153575906:AAFS5vUiWTXGoJCv4Rdo8a7fDnGPBVXnexA/getUpdates "HTTP/1.1 200 OK"
2025-01-11 15:25:03,313 - httpx - INFO - HTTP Request: POST https://api.telegram.org/bot6153575906:AAFS5vUiWTXGoJCv4Rdo8a7fDnGPBVXnexA/getUpdates "HTTP/1.1 200 OK"
2025-01-11 15:25:13,426 - httpx - INFO - HTTP Request: POST https://api.telegram.org/bot6153575906:AAFS5vUiWTXGoJCv4Rdo8a7fDnGPBVXnexA/getUpdates "HTTP/1.1 200 OK"
2025-01-11 15:25:23,529 - httpx - INFO - HTTP Request: POST https://api.telegram.org/bot6153575906:AAFS5vUiWTXGoJCv4Rdo8a7fDnGPBVXnexA/getUpdates "HTTP/1.1 200 OK"
2025-01-11 15:25:33,635 - httpx - INFO - HTTP Request: POST https://api.telegram.org/bot6153575906:AAFS5vUiWTXGoJCv4Rdo8a7fDnGPBVXnexA/getUpdates "HTTP/1.1 200 OK"
2025-01-11 15:25:43,767 - httpx - INFO - HTTP Request: POST https://api.telegram.org/bot6153575906:AAFS5vUiWTXGoJCv4Rdo8a7fDnGPBVXnexA/getUpdates "HTTP/1.1 200 OK"
2025-01-11 15:25:54,230 - httpx - INFO - HTTP Request: POST https://api.telegram.org/bot6153575906:AAFS5vUiWTXGoJCv4Rdo8a7fDnGPBVXnexA/getUpdates "HTTP/1.1 200 OK"
2025-01-11 15:26:04,333 - httpx - INFO - HTTP Request: POST https://api.telegram.org/bot6153575906:AAFS5vUiWTXGoJCv4Rdo8a7fDnGPBVXnexA/getUpdates "HTTP/1.1 200 OK"
2025-01-11 15:26:14,437 - httpx - INFO - HTTP Request: POST https://api.telegram.org/bot6153575906:AAFS5vUiWTXGoJCv4Rdo8a7fDnGPBVXnexA/getUpdates "HTTP/1.1 200 OK"
2025-01-11 15:26:24,539 - httpx - INFO - HTTP Request: POST https://api.telegram.org/bot6153575906:AAFS5vUiWTXGoJCv4Rdo8a7fDnGPBVXnexA/getUpdates "HTTP/1.1 200 OK"
2025-01-11 15:26:34,642 - httpx - INFO - HTTP Request: POST https://api.telegram.org/bot6153575906:AAFS5vUiWTXGoJCv4Rdo8a7fDnGPBVXnexA/getUpdates "HTTP/1.1 200 OK"
2025-01-11 15:26:40,755 - httpx - INFO - HTTP Request: POST https://api.telegram.org/bot6153575906:AAFS5vUiWTXGoJCv4Rdo8a7fDnGPBVXnexA/getUpdates "HTTP/1.1 200 OK"
2025-01-11 15:26:40,755 - telegram.ext.Application - INFO - Application is stopping. This might take a moment.
2025-01-11 15:26:40,755 - telegram.ext.Application - INFO - Application.stop() complete
